Analysis & Synthesis report for CypherDetector
Tue Jan 03 13:28:34 2023
Quartus II 64-Bit Version 13.1.0 Build 162 10/23/2013 SJ Web Edition


---------------------
; Table of Contents ;
---------------------
  1. Legal Notice
  2. Analysis & Synthesis Summary
  3. Analysis & Synthesis Settings
  4. Parallel Compilation
  5. Analysis & Synthesis Source Files Read
  6. Analysis & Synthesis Resource Usage Summary
  7. Analysis & Synthesis Resource Utilization by Entity
  8. State Machine - |CypherDetectorTB|CypherDetector:cd0|control:c0|current_state
  9. Registers Removed During Synthesis
 10. Removed Registers Triggering Further Register Optimizations
 11. General Register Statistics
 12. Port Connectivity Checks: "CypherDetector:cd0"
 13. Elapsed Time Per Partition
 14. Analysis & Synthesis Messages
 15. Analysis & Synthesis Suppressed Messages



----------------
; Legal Notice ;
----------------
Copyright (C) 1991-2013 Altera Corporation
Your use of Altera Corporation's design tools, logic functions 
and other software and tools, and its AMPP partner logic 
functions, and any output files from any of the foregoing 
(including device programming or simulation files), and any 
associated documentation or information are expressly subject 
to the terms and conditions of the Altera Program License 
Subscription Agreement, Altera MegaCore Function License 
Agreement, or other applicable license agreement, including, 
without limitation, that your use is for the sole purpose of 
programming logic devices manufactured by Altera and sold by 
Altera or its authorized distributors.  Please refer to the 
applicable agreement for further details.



+------------------------------------------------------------------------------+
; Analysis & Synthesis Summary                                                 ;
+---------------------------------+--------------------------------------------+
; Analysis & Synthesis Status     ; Successful - Tue Jan 03 13:28:34 2023      ;
; Quartus II 64-Bit Version       ; 13.1.0 Build 162 10/23/2013 SJ Web Edition ;
; Revision Name                   ; CypherDetector                             ;
; Top-level Entity Name           ; CypherDetectorTB                           ;
; Family                          ; Cyclone V                                  ;
; Logic utilization (in ALMs)     ; N/A                                        ;
; Total registers                 ; 0                                          ;
; Total pins                      ; 1                                          ;
; Total virtual pins              ; 0                                          ;
; Total block memory bits         ; 0                                          ;
; Total DSP Blocks                ; 0                                          ;
; Total HSSI RX PCSs              ; 0                                          ;
; Total HSSI PMA RX Deserializers ; 0                                          ;
; Total HSSI TX PCSs              ; 0                                          ;
; Total HSSI TX Channels          ; 0                                          ;
; Total PLLs                      ; 0                                          ;
; Total DLLs                      ; 0                                          ;
+---------------------------------+--------------------------------------------+


+---------------------------------------------------------------------------------------------------------------------------+
; Analysis & Synthesis Settings                                                                                             ;
+---------------------------------------------------------------------------------+--------------------+--------------------+
; Option                                                                          ; Setting            ; Default Value      ;
+---------------------------------------------------------------------------------+--------------------+--------------------+
; Device                                                                          ; 5CEBA4F23C7        ;                    ;
; Top-level entity name                                                           ; CypherDetectorTB   ; CypherDetector     ;
; Family name                                                                     ; Cyclone V          ; Cyclone IV GX      ;
; Use smart compilation                                                           ; Off                ; Off                ;
; Enable parallel Assembler and TimeQuest Timing Analyzer during compilation      ; On                 ; On                 ;
; Enable compact report table                                                     ; Off                ; Off                ;
; Restructure Multiplexers                                                        ; Auto               ; Auto               ;
; MLAB Add Timing Constraints For Mixed-Port Feed-Through Mode Setting Don't Care ; Off                ; Off                ;
; Create Debugging Nodes for IP Cores                                             ; Off                ; Off                ;
; Preserve fewer node names                                                       ; On                 ; On                 ;
; Disable OpenCore Plus hardware evaluation                                       ; Off                ; Off                ;
; Verilog Version                                                                 ; Verilog_2001       ; Verilog_2001       ;
; VHDL Version                                                                    ; VHDL_1993          ; VHDL_1993          ;
; State Machine Processing                                                        ; Auto               ; Auto               ;
; Safe State Machine                                                              ; Off                ; Off                ;
; Extract Verilog State Machines                                                  ; On                 ; On                 ;
; Extract VHDL State Machines                                                     ; On                 ; On                 ;
; Ignore Verilog initial constructs                                               ; Off                ; Off                ;
; Iteration limit for constant Verilog loops                                      ; 5000               ; 5000               ;
; Iteration limit for non-constant Verilog loops                                  ; 250                ; 250                ;
; Add Pass-Through Logic to Inferred RAMs                                         ; On                 ; On                 ;
; Infer RAMs from Raw Logic                                                       ; On                 ; On                 ;
; Parallel Synthesis                                                              ; On                 ; On                 ;
; DSP Block Balancing                                                             ; Auto               ; Auto               ;
; NOT Gate Push-Back                                                              ; On                 ; On                 ;
; Power-Up Don't Care                                                             ; On                 ; On                 ;
; Remove Redundant Logic Cells                                                    ; Off                ; Off                ;
; Remove Duplicate Registers                                                      ; On                 ; On                 ;
; Ignore CARRY Buffers                                                            ; Off                ; Off                ;
; Ignore CASCADE Buffers                                                          ; Off                ; Off                ;
; Ignore GLOBAL Buffers                                                           ; Off                ; Off                ;
; Ignore ROW GLOBAL Buffers                                                       ; Off                ; Off                ;
; Ignore LCELL Buffers                                                            ; Off                ; Off                ;
; Ignore SOFT Buffers                                                             ; On                 ; On                 ;
; Limit AHDL Integers to 32 Bits                                                  ; Off                ; Off                ;
; Optimization Technique                                                          ; Balanced           ; Balanced           ;
; Carry Chain Length                                                              ; 70                 ; 70                 ;
; Auto Carry Chains                                                               ; On                 ; On                 ;
; Auto Open-Drain Pins                                                            ; On                 ; On                 ;
; Perform WYSIWYG Primitive Resynthesis                                           ; Off                ; Off                ;
; Auto ROM Replacement                                                            ; On                 ; On                 ;
; Auto RAM Replacement                                                            ; On                 ; On                 ;
; Auto DSP Block Replacement                                                      ; On                 ; On                 ;
; Auto Shift Register Replacement                                                 ; Auto               ; Auto               ;
; Allow Shift Register Merging across Hierarchies                                 ; Auto               ; Auto               ;
; Auto Clock Enable Replacement                                                   ; On                 ; On                 ;
; Strict RAM Replacement                                                          ; Off                ; Off                ;
; Allow Synchronous Control Signals                                               ; On                 ; On                 ;
; Force Use of Synchronous Clear Signals                                          ; Off                ; Off                ;
; Auto Resource Sharing                                                           ; Off                ; Off                ;
; Allow Any RAM Size For Recognition                                              ; Off                ; Off                ;
; Allow Any ROM Size For Recognition                                              ; Off                ; Off                ;
; Allow Any Shift Register Size For Recognition                                   ; Off                ; Off                ;
; Use LogicLock Constraints during Resource Balancing                             ; On                 ; On                 ;
; Ignore translate_off and synthesis_off directives                               ; Off                ; Off                ;
; Timing-Driven Synthesis                                                         ; On                 ; On                 ;
; Report Parameter Settings                                                       ; On                 ; On                 ;
; Report Source Assignments                                                       ; On                 ; On                 ;
; Report Connectivity Checks                                                      ; On                 ; On                 ;
; Ignore Maximum Fan-Out Assignments                                              ; Off                ; Off                ;
; Synchronization Register Chain Length                                           ; 3                  ; 3                  ;
; PowerPlay Power Optimization                                                    ; Normal compilation ; Normal compilation ;
; HDL message level                                                               ; Level2             ; Level2             ;
; Suppress Register Optimization Related Messages                                 ; Off                ; Off                ;
; Number of Removed Registers Reported in Synthesis Report                        ; 5000               ; 5000               ;
; Number of Swept Nodes Reported in Synthesis Report                              ; 5000               ; 5000               ;
; Number of Inverted Registers Reported in Synthesis Report                       ; 100                ; 100                ;
; Clock MUX Protection                                                            ; On                 ; On                 ;
; Auto Gated Clock Conversion                                                     ; Off                ; Off                ;
; Block Design Naming                                                             ; Auto               ; Auto               ;
; SDC constraint protection                                                       ; Off                ; Off                ;
; Synthesis Effort                                                                ; Auto               ; Auto               ;
; Shift Register Replacement - Allow Asynchronous Clear Signal                    ; On                 ; On                 ;
; Pre-Mapping Resynthesis Optimization                                            ; Off                ; Off                ;
; Analysis & Synthesis Message Level                                              ; Medium             ; Medium             ;
; Disable Register Merging Across Hierarchies                                     ; Auto               ; Auto               ;
; Resource Aware Inference For Block RAM                                          ; On                 ; On                 ;
; Synthesis Seed                                                                  ; 1                  ; 1                  ;
; Automatic Parallel Synthesis                                                    ; On                 ; On                 ;
+---------------------------------------------------------------------------------+--------------------+--------------------+


Parallel compilation was disabled, but you have multiple processors available. Enable parallel compilation to reduce compilation time.
+-------------------------------------+
; Parallel Compilation                ;
+----------------------------+--------+
; Processors                 ; Number ;
+----------------------------+--------+
; Number detected on machine ; 4      ;
; Maximum allowed            ; 1      ;
+----------------------------+--------+


+-----------------------------------------------------------------------------------------------------------------------------------------+
; Analysis & Synthesis Source Files Read                                                                                                  ;
+----------------------------------+-----------------+------------------------+-------------------------------------------------+---------+
; File Name with User-Entered Path ; Used in Netlist ; File Type              ; File Name with Absolute Path                    ; Library ;
+----------------------------------+-----------------+------------------------+-------------------------------------------------+---------+
; CypherDetector.v                 ; yes             ; User Verilog HDL File  ; D:/Okul/Homework/331/BonusHW/CypherDetector.v   ;         ;
; control.v                        ; yes             ; User Verilog HDL File  ; D:/Okul/Homework/331/BonusHW/control.v          ;         ;
; datapath.v                       ; yes             ; User Verilog HDL File  ; D:/Okul/Homework/331/BonusHW/datapath.v         ;         ;
; CypherDetectorTB.v               ; yes             ; User Verilog HDL File  ; D:/Okul/Homework/331/BonusHW/CypherDetectorTB.v ;         ;
+----------------------------------+-----------------+------------------------+-------------------------------------------------+---------+


+-----------------------------------------------------+
; Analysis & Synthesis Resource Usage Summary         ;
+---------------------------------------------+-------+
; Resource                                    ; Usage ;
+---------------------------------------------+-------+
; Estimate of Logic utilization (ALMs needed) ; 0     ;
;                                             ;       ;
; Combinational ALUT usage for logic          ; 0     ;
;     -- 7 input functions                    ; 0     ;
;     -- 6 input functions                    ; 0     ;
;     -- 5 input functions                    ; 0     ;
;     -- 4 input functions                    ; 0     ;
;     -- <=3 input functions                  ; 0     ;
;                                             ;       ;
; Dedicated logic registers                   ; 0     ;
;                                             ;       ;
; I/O pins                                    ; 1     ;
; Total DSP Blocks                            ; 0     ;
; Maximum fan-out node                        ; d     ;
; Maximum fan-out                             ; 1     ;
; Total fan-out                               ; 1     ;
; Average fan-out                             ; 0.50  ;
+---------------------------------------------+-------+


+-----------------------------------------------------------------------------------------------------------------------------------------------------------+
; Analysis & Synthesis Resource Utilization by Entity                                                                                                       ;
+----------------------------+-------------------+--------------+-------------------+------------+------+--------------+---------------------+--------------+
; Compilation Hierarchy Node ; LC Combinationals ; LC Registers ; Block Memory Bits ; DSP Blocks ; Pins ; Virtual Pins ; Full Hierarchy Name ; Library Name ;
+----------------------------+-------------------+--------------+-------------------+------------+------+--------------+---------------------+--------------+
; |CypherDetectorTB          ; 0 (0)             ; 0 (0)        ; 0                 ; 0          ; 1    ; 0            ; |CypherDetectorTB   ; work         ;
+----------------------------+-------------------+--------------+-------------------+------------+------+--------------+---------------------+--------------+
Note: For table entries with two numbers listed, the numbers in parentheses indicate the number of resources of the given type used by the specific entity alone. The numbers listed outside of parentheses indicate the total resources of the given type used by the specific entity and all of its sub-entities in the hierarchy.


Encoding Type:  One-Hot
+---------------------------------------------------------------------------------------------------------------------------------------------------------------------------------------------------+
; State Machine - |CypherDetectorTB|CypherDetector:cd0|control:c0|current_state                                                                                                                     ;
+----------------------+---------------------+---------------------+-------------------+---------------------+---------------------+----------------------+--------------------+--------------------+
; Name                 ; current_state.COMP1 ; current_state.COMP0 ; current_state.SUM ; current_state.EMPTY ; current_state.CHECK ; current_state.DECIDE ; current_state.READ ; current_state.IDLE ;
+----------------------+---------------------+---------------------+-------------------+---------------------+---------------------+----------------------+--------------------+--------------------+
; current_state.IDLE   ; 0                   ; 0                   ; 0                 ; 0                   ; 0                   ; 0                    ; 0                  ; 0                  ;
; current_state.READ   ; 0                   ; 0                   ; 0                 ; 0                   ; 0                   ; 0                    ; 1                  ; 1                  ;
; current_state.DECIDE ; 0                   ; 0                   ; 0                 ; 0                   ; 0                   ; 1                    ; 0                  ; 1                  ;
; current_state.CHECK  ; 0                   ; 0                   ; 0                 ; 0                   ; 1                   ; 0                    ; 0                  ; 1                  ;
; current_state.EMPTY  ; 0                   ; 0                   ; 0                 ; 1                   ; 0                   ; 0                    ; 0                  ; 1                  ;
; current_state.SUM    ; 0                   ; 0                   ; 1                 ; 0                   ; 0                   ; 0                    ; 0                  ; 1                  ;
; current_state.COMP0  ; 0                   ; 1                   ; 0                 ; 0                   ; 0                   ; 0                    ; 0                  ; 1                  ;
; current_state.COMP1  ; 1                   ; 0                   ; 0                 ; 0                   ; 0                   ; 0                    ; 0                  ; 1                  ;
+----------------------+---------------------+---------------------+-------------------+---------------------+---------------------+----------------------+--------------------+--------------------+


+-------------------------------------------------------------------------------------------+
; Registers Removed During Synthesis                                                        ;
+----------------------------------------------------+--------------------------------------+
; Register name                                      ; Reason for Removal                   ;
+----------------------------------------------------+--------------------------------------+
; CypherDetector:cd0|datapath:d0|reg_comp            ; Stuck at GND due to stuck port clock ;
; CypherDetector:cd0|datapath:d0|reg_counter[0..2]   ; Stuck at GND due to stuck port clock ;
; CypherDetector:cd0|control:c0|current_state~2      ; Lost fanout                          ;
; CypherDetector:cd0|control:c0|current_state~3      ; Lost fanout                          ;
; CypherDetector:cd0|control:c0|current_state~4      ; Lost fanout                          ;
; CypherDetector:cd0|control:c0|current_state.IDLE   ; Stuck at GND due to stuck port clock ;
; CypherDetector:cd0|control:c0|current_state.READ   ; Stuck at GND due to stuck port clock ;
; CypherDetector:cd0|control:c0|current_state.COMP0  ; Lost fanout                          ;
; CypherDetector:cd0|control:c0|current_state.SUM    ; Lost fanout                          ;
; CypherDetector:cd0|control:c0|current_state.CHECK  ; Lost fanout                          ;
; CypherDetector:cd0|control:c0|current_state.EMPTY  ; Lost fanout                          ;
; CypherDetector:cd0|control:c0|current_state.DECIDE ; Lost fanout                          ;
; CypherDetector:cd0|control:c0|current_state.COMP1  ; Lost fanout                          ;
; Total Number of Removed Registers = 15             ;                                      ;
+----------------------------------------------------+--------------------------------------+


+---------------------------------------------------------------------------------------------------------------------------------+
; Removed Registers Triggering Further Register Optimizations                                                                     ;
+--------------------------------------------------+-------------------------+----------------------------------------------------+
; Register name                                    ; Reason for Removal      ; Registers Removed due to This Register             ;
+--------------------------------------------------+-------------------------+----------------------------------------------------+
; CypherDetector:cd0|datapath:d0|reg_comp          ; Stuck at GND            ; CypherDetector:cd0|datapath:d0|reg_counter[0],     ;
;                                                  ; due to stuck port clock ; CypherDetector:cd0|datapath:d0|reg_counter[1],     ;
;                                                  ;                         ; CypherDetector:cd0|datapath:d0|reg_counter[2]      ;
; CypherDetector:cd0|control:c0|current_state~2    ; Lost Fanouts            ; CypherDetector:cd0|control:c0|current_state.COMP0, ;
;                                                  ;                         ; CypherDetector:cd0|control:c0|current_state.CHECK, ;
;                                                  ;                         ; CypherDetector:cd0|control:c0|current_state.EMPTY  ;
; CypherDetector:cd0|control:c0|current_state.IDLE ; Stuck at GND            ; CypherDetector:cd0|control:c0|current_state.READ,  ;
;                                                  ; due to stuck port clock ; CypherDetector:cd0|control:c0|current_state.COMP1  ;
; CypherDetector:cd0|control:c0|current_state~3    ; Lost Fanouts            ; CypherDetector:cd0|control:c0|current_state.SUM    ;
; CypherDetector:cd0|control:c0|current_state~4    ; Lost Fanouts            ; CypherDetector:cd0|control:c0|current_state.DECIDE ;
+--------------------------------------------------+-------------------------+----------------------------------------------------+


+------------------------------------------------------+
; General Register Statistics                          ;
+----------------------------------------------+-------+
; Statistic                                    ; Value ;
+----------------------------------------------+-------+
; Total registers                              ; 0     ;
; Number of registers using Synchronous Clear  ; 0     ;
; Number of registers using Synchronous Load   ; 0     ;
; Number of registers using Asynchronous Clear ; 0     ;
; Number of registers using Asynchronous Load  ; 0     ;
; Number of registers using Clock Enable       ; 0     ;
; Number of registers using Preset             ; 0     ;
+----------------------------------------------+-------+


+----------------------------------------------------------------------------------------------------------------+
; Port Connectivity Checks: "CypherDetector:cd0"                                                                 ;
+------+--------+----------+-------------------------------------------------------------------------------------+
; Port ; Type   ; Severity ; Details                                                                             ;
+------+--------+----------+-------------------------------------------------------------------------------------+
; sum  ; Output ; Info     ; Connected to dangling logic. Logic that only feeds a dangling port will be removed. ;
+------+--------+----------+-------------------------------------------------------------------------------------+


+-------------------------------+
; Elapsed Time Per Partition    ;
+----------------+--------------+
; Partition Name ; Elapsed Time ;
+----------------+--------------+
; Top            ; 00:00:00     ;
+----------------+--------------+


+-------------------------------+
; Analysis & Synthesis Messages ;
+-------------------------------+
Info: *******************************************************************
Info: Running Quartus II 64-Bit Analysis & Synthesis
    Info: Version 13.1.0 Build 162 10/23/2013 SJ Web Edition
    Info: Processing started: Tue Jan 03 13:28:32 2023
Info: Command: quartus_map --read_settings_files=on --write_settings_files=off CypherDetector -c CypherDetector
Warning (20028): Parallel compilation is not licensed and has been disabled
Info (12021): Found 2 design units, including 2 entities, in source file cypherdetector.v
    Info (12023): Found entity 1: CypherDetector
    Info (12023): Found entity 2: reversed
Info (12021): Found 1 design units, including 1 entities, in source file control.v
    Info (12023): Found entity 1: control
Info (12021): Found 1 design units, including 1 entities, in source file datapath.v
    Info (12023): Found entity 1: datapath
Info (12021): Found 1 design units, including 1 entities, in source file cypherdetectortb.v
    Info (12023): Found entity 1: CypherDetectorTB
Info (12127): Elaborating entity "CypherDetectorTB" for the top level hierarchy
Warning (10755): Verilog HDL warning at CypherDetectorTB.v(18): assignments to clock create a combinational loop
Info (12128): Elaborating entity "CypherDetector" for hierarchy "CypherDetector:cd0"
Info (12128): Elaborating entity "reversed" for hierarchy "CypherDetector:cd0|reversed:r"
Info (12128): Elaborating entity "datapath" for hierarchy "CypherDetector:cd0|datapath:d0"
Info (12128): Elaborating entity "control" for hierarchy "CypherDetector:cd0|control:c0"
Warning (10270): Verilog HDL Case Statement warning at control.v(96): incomplete case statement has no default case item
Info (10264): Verilog HDL Case Statement information at control.v(96): all case item expressions in this case statement are onehot
Warning (12011): Net is missing source, defaulting to GND
    Warning (12110): Net "clock" is missing source, defaulting to GND
Info (17049): 9 registers lost all their fanouts during netlist optimizations.
Info (144001): Generated suppressed messages file D:/Okul/Homework/331/BonusHW/output_files/CypherDetector.map.smsg
Info (16010): Generating hard_block partition "hard_block:auto_generated_inst"
    Info (16011): Adding 0 node(s), including 0 DDIO, 0 PLL, 0 transceiver and 0 LCELL
Warning (21074): Design contains 1 input pin(s) that do not drive logic
    Warning (15610): No output dependent on input pin "d"
Info (21057): Implemented 1 device resources after synthesis - the final resource count might be different
    Info (21058): Implemented 1 input pins
    Info (21059): Implemented 0 output pins
Info: Quartus II 64-Bit Analysis & Synthesis was successful. 0 errors, 7 warnings
    Info: Peak virtual memory: 4663 megabytes
    Info: Processing ended: Tue Jan 03 13:28:34 2023
    Info: Elapsed time: 00:00:02
    Info: Total CPU time (on all processors): 00:00:01


+------------------------------------------+
; Analysis & Synthesis Suppressed Messages ;
+------------------------------------------+
The suppressed messages can be found in D:/Okul/Homework/331/BonusHW/output_files/CypherDetector.map.smsg.


